<?xml version="1.0" encoding="UTF-8"?>
<!-- Generated by org.testng.reporters.JUnitXMLReporter -->
<testsuite ignored="1" hostname="TYSS-Piyush-Baldaniya" failures="0" tests="8" name="Test" time="11.78" errors="0" timestamp="2025-12-15T14:04:21 IST">
  <testcase classname="types_of_execution.Demo1" name="case11" time="1.876"/>
  <testcase classname="types_of_execution.Demo1" name="case12" time="1.399"/>
  <testcase classname="types_of_execution.Demo1" name="case13" time="1.346"/>
  <testcase classname="types_of_execution.Demo2" name="case21" time="1.301"/>
  <testcase classname="types_of_execution.Demo2" name="case22" time="1.379"/>
  <testcase classname="types_of_execution.Demo3" name="case31" time="1.492"/>
  <testcase classname="types_of_execution.Demo3" name="case32" time="1.445"/>
  <testcase classname="types_of_execution.Demo3" name="case33" time="1.479"/>
  <testcase classname="types_of_execution.Demo2" name="case23" time="0.0">
    <ignored/>
  </testcase> <!-- case23 -->
</testsuite> <!-- Test -->
