<?xml version="1.0" encoding="UTF-8"?>
<!-- Generated by org.testng.reporters.JUnitXMLReporter -->
<testsuite ignored="1" hostname="TYSS-Piyush-Baldaniya" failures="0" tests="2" name="TestRunner2" time="4.805" errors="0" timestamp="2025-12-16T13:01:15 IST">
  <testcase classname="types_of_execution.Demo2" name="case21" time="2.773"/>
  <testcase classname="types_of_execution.Demo2" name="case23" time="1.976"/>
  <testcase classname="types_of_execution.Demo2" name="case22" time="0.0">
    <ignored/>
  </testcase> <!-- case22 -->
</testsuite> <!-- TestRunner2 -->
