<?xml version="1.0" encoding="UTF-8"?>
<!-- Generated by org.testng.reporters.JUnitXMLReporter -->
<testsuite ignored="0" hostname="TYSS-Piyush-Baldaniya" failures="0" tests="9" name="Test" time="16.677" errors="0" timestamp="2025-12-19T13:01:07 IST">
  <testcase classname="types_of_execution.Demo1" name="case11" time="4.281"/>
  <testcase classname="types_of_execution.Demo1" name="case12" time="1.554"/>
  <testcase classname="types_of_execution.Demo1" name="case13" time="1.636"/>
  <testcase classname="types_of_execution.Demo2" name="case21" time="1.482"/>
  <testcase classname="types_of_execution.Demo2" name="case22" time="1.509"/>
  <testcase classname="types_of_execution.Demo2" name="case23" time="1.568"/>
  <testcase classname="types_of_execution.Demo3" name="case31" time="1.549"/>
  <testcase classname="types_of_execution.Demo3" name="case32" time="1.498"/>
  <testcase classname="types_of_execution.Demo3" name="case33" time="1.507"/>
</testsuite> <!-- Test -->
