<?xml version="1.0" encoding="UTF-8"?>
<!-- Generated by org.testng.reporters.JUnitXMLReporter -->
<testsuite ignored="0" hostname="TYSS-Piyush-Baldaniya" failures="0" tests="22" name="Default test" time="52.642" errors="0" timestamp="2025-12-12T13:52:04 IST">
  <testcase classname="testng_extra.DPpractice" name="fbLogin" time="3.154"/>
  <testcase classname="testng_extra.DPpractice" name="fbLogin" time="2.401"/>
  <testcase classname="testng_extra.DPpractice" name="fbLogin" time="2.392"/>
  <testcase classname="testng_extra.DPpractice" name="fbLogin" time="2.424"/>
  <testcase classname="testng_extra.DPpractice" name="fbLogin" time="2.336"/>
  <testcase classname="testng_extra.DPpractice" name="fbLogin" time="2.34"/>
  <testcase classname="testng_extra.DPpractice" name="fbLogin" time="2.349"/>
  <testcase classname="testng_extra.DPpractice" name="fbLogin" time="2.291"/>
  <testcase classname="testng_extra.DPpractice" name="fbLogin" time="2.315"/>
  <testcase classname="testng_extra.DPpractice" name="fbLogin" time="2.312"/>
  <testcase classname="testng_extra.DPpractice" name="fbLogin" time="2.318"/>
  <testcase classname="testng_extra.DPpractice" name="fbLogin" time="2.311"/>
  <testcase classname="testng_extra.DPpractice" name="fbLogin" time="2.252"/>
  <testcase classname="testng_extra.DPpractice" name="fbLogin" time="2.594"/>
  <testcase classname="testng_extra.DPpractice" name="fbLogin" time="2.371"/>
  <testcase classname="testng_extra.DPpractice" name="fbLogin" time="2.416"/>
  <testcase classname="testng_extra.DPpractice" name="fbLogin" time="2.247"/>
  <testcase classname="testng_extra.DPpractice" name="fbLogin" time="2.321"/>
  <testcase classname="testng_extra.DPpractice" name="fbLogin" time="2.293"/>
  <testcase classname="testng_extra.DPpractice" name="fbLogin" time="2.383"/>
  <testcase classname="testng_extra.DPpractice" name="fbLogin" time="2.401"/>
  <testcase classname="testng_extra.DPpractice" name="fbLogin" time="2.305"/>
</testsuite> <!-- Default test -->
