<?xml version="1.0" encoding="UTF-8"?>
<!-- Generated by org.testng.reporters.JUnitReportReporter -->
<testsuite hostname="TYSS-Piyush-Baldaniya" failures="0" tests="3" name="types_of_execution.CrossBrowser" time="18.640" errors="0" timestamp="2025-12-16T13:41:37 IST" skipped="0">
  <testcase classname="types_of_execution.CrossBrowser" name="commonData" time="5.114"/>
  <testcase classname="types_of_execution.CrossBrowser" name="commonData" time="8.281"/>
  <testcase classname="types_of_execution.CrossBrowser" name="commonData" time="5.245"/>
</testsuite> <!-- types_of_execution.CrossBrowser -->
