<?xml version="1.0" encoding="UTF-8"?>
<!-- Generated by org.testng.reporters.JUnitReportReporter -->
<testsuite hostname="TYSS-Piyush-Baldaniya" failures="0" tests="3" name="types_of_execution.Demo1" time="6.456" errors="0" timestamp="2025-12-16T13:01:17 IST" skipped="0">
  <testcase classname="types_of_execution.Demo1" name="case13" time="1.666"/>
  <testcase classname="types_of_execution.Demo1" name="case11" time="2.728"/>
  <testcase classname="types_of_execution.Demo1" name="case12" time="2.062"/>
</testsuite> <!-- types_of_execution.Demo1 -->
