<?xml version="1.0" encoding="UTF-8"?>
<!-- Generated by org.testng.reporters.JUnitReportReporter -->
<testsuite hostname="TYSS-Piyush-Baldaniya" failures="0" tests="3" name="types_of_execution.Demo3" time="4.416" errors="0" timestamp="2025-12-15T14:04:21 IST" skipped="0">
  <testcase classname="types_of_execution.Demo3" name="case33" time="1.479"/>
  <testcase classname="types_of_execution.Demo3" name="case32" time="1.445"/>
  <testcase classname="types_of_execution.Demo3" name="case31" time="1.492"/>
</testsuite> <!-- types_of_execution.Demo3 -->
