<?xml version="1.0" encoding="UTF-8"?>
<!-- Generated by org.testng.reporters.JUnitReportReporter -->
<testsuite hostname="TYSS-Piyush-Baldaniya" failures="0" tests="3" name="types_of_execution.Demo3" time="6.524" errors="0" timestamp="2025-12-16T13:01:17 IST" skipped="0">
  <testcase classname="types_of_execution.Demo3" name="case31" time="2.793"/>
  <testcase classname="types_of_execution.Demo3" name="case33" time="1.869"/>
  <testcase classname="types_of_execution.Demo3" name="case32" time="1.862"/>
</testsuite> <!-- types_of_execution.Demo3 -->
