<?xml version="1.0" encoding="UTF-8"?>
<!-- Generated by org.testng.reporters.JUnitReportReporter -->
<testsuite hostname="TYSS-Piyush-Baldaniya" failures="0" tests="6" name="testng_extra.InvocationCount" time="21.821" errors="0" timestamp="2025-12-12T13:00:19 IST" skipped="1">
  <testcase classname="testng_extra.InvocationCount" name="case1" time="4.317"/>
  <testcase classname="testng_extra.InvocationCount" name="case1" time="4.348"/>
  <testcase classname="testng_extra.InvocationCount" name="case1" time="4.410"/>
  <testcase classname="testng_extra.InvocationCount" name="case1" time="4.319"/>
  <testcase classname="testng_extra.InvocationCount" name="case1" time="4.427"/>
  <testcase classname="testng_extra.InvocationCount" name="case3">
    <skipped/>
  </testcase> <!-- case3 -->
</testsuite> <!-- testng_extra.InvocationCount -->
